2019-07-06 10:20:28 - PHP Notice:  Undefined variable: module_row in C:\wamp64\www\boost\admin\view\template\design\menu_form.tpl on line 144
2019-07-06 10:20:28 - PHP Notice:  Undefined variable: entry_title in C:\wamp64\www\boost\admin\view\template\design\menu_form.tpl on line 148
2019-07-06 10:20:28 - PHP Notice:  Undefined variable: placeholder in C:\wamp64\www\boost\admin\view\template\design\menu_form.tpl on line 150
2019-07-06 10:20:28 - PHP Notice:  Undefined variable: placeholder in C:\wamp64\www\boost\admin\view\template\design\menu_form.tpl on line 150
2019-07-06 10:20:42 - PHP Notice:  Undefined index: link in C:\wamp64\www\boost\admin\model\design\menu.php on line 4
2019-07-06 10:20:42 - PHP Notice:  Undefined index: store in C:\wamp64\www\boost\admin\controller\design\menu.php on line 178
2019-07-06 10:21:28 - PHP Notice:  Undefined index: store in C:\wamp64\www\boost\admin\controller\design\menu.php on line 178
2019-07-06 10:21:28 - PHP Notice:  Undefined variable: module_row in C:\wamp64\www\boost\admin\view\template\design\menu_form.tpl on line 144
2019-07-06 10:21:28 - PHP Notice:  Undefined variable: entry_title in C:\wamp64\www\boost\admin\view\template\design\menu_form.tpl on line 148
2019-07-06 10:21:28 - PHP Notice:  Undefined variable: placeholder in C:\wamp64\www\boost\admin\view\template\design\menu_form.tpl on line 150
2019-07-06 10:21:28 - PHP Notice:  Undefined variable: placeholder in C:\wamp64\www\boost\admin\view\template\design\menu_form.tpl on line 150
2019-07-06 10:21:33 - PHP Notice:  Undefined index: store in C:\wamp64\www\boost\admin\controller\design\menu.php on line 178
2019-07-06 10:22:14 - PHP Notice:  Undefined index: store in C:\wamp64\www\boost\admin\controller\design\menu.php on line 178
2019-07-06 12:06:55 - PHP Notice:  Undefined variable: img_path in C:\wamp64\www\boost\catalog\view\theme\default\template\common\footer.tpl on line 9
2019-07-06 12:06:55 - PHP Notice:  Undefined variable: img_path in C:\wamp64\www\boost\catalog\view\theme\default\template\common\footer.tpl on line 46
2019-07-06 12:06:57 - PHP Notice:  Undefined variable: img_path in C:\wamp64\www\boost\catalog\view\theme\default\template\common\footer.tpl on line 9
2019-07-06 12:06:57 - PHP Notice:  Undefined variable: img_path in C:\wamp64\www\boost\catalog\view\theme\default\template\common\footer.tpl on line 46
2019-07-06 12:14:44 - PHP Notice:  Undefined variable: img_path in C:\wamp64\www\boost\catalog\view\theme\default\template\common\header.tpl on line 69
2019-07-06 12:14:44 - PHP Notice:  Undefined variable: img_path in C:\wamp64\www\boost\catalog\view\theme\default\template\common\header.tpl on line 75
2019-07-06 12:14:44 - PHP Notice:  Undefined variable: img_path in C:\wamp64\www\boost\catalog\view\theme\default\template\common\header.tpl on line 93
2019-07-06 12:14:44 - PHP Notice:  Undefined variable: img_path in C:\wamp64\www\boost\catalog\view\theme\default\template\common\header.tpl on line 97
2019-07-06 12:14:44 - PHP Notice:  Undefined variable: img_path in C:\wamp64\www\boost\catalog\view\theme\default\template\common\header.tpl on line 104
2019-07-06 12:18:49 - PHP Notice:  Undefined variable: img_path in C:\wamp64\www\boost\catalog\view\theme\default\template\common\header.tpl on line 69
2019-07-06 12:18:49 - PHP Notice:  Undefined variable: img_path in C:\wamp64\www\boost\catalog\view\theme\default\template\common\header.tpl on line 75
2019-07-06 12:18:49 - PHP Notice:  Undefined variable: img_path in C:\wamp64\www\boost\catalog\view\theme\default\template\common\header.tpl on line 93
2019-07-06 12:18:49 - PHP Notice:  Undefined variable: img_path in C:\wamp64\www\boost\catalog\view\theme\default\template\common\header.tpl on line 97
2019-07-06 12:18:49 - PHP Notice:  Undefined variable: img_path in C:\wamp64\www\boost\catalog\view\theme\default\template\common\header.tpl on line 104
2019-07-06 12:18:53 - PHP Notice:  Undefined variable: img_path in C:\wamp64\www\boost\catalog\view\theme\default\template\common\header.tpl on line 69
2019-07-06 12:18:53 - PHP Notice:  Undefined variable: img_path in C:\wamp64\www\boost\catalog\view\theme\default\template\common\header.tpl on line 75
2019-07-06 12:18:53 - PHP Notice:  Undefined variable: img_path in C:\wamp64\www\boost\catalog\view\theme\default\template\common\header.tpl on line 93
2019-07-06 12:18:53 - PHP Notice:  Undefined variable: img_path in C:\wamp64\www\boost\catalog\view\theme\default\template\common\header.tpl on line 97
2019-07-06 12:18:53 - PHP Notice:  Undefined variable: img_path in C:\wamp64\www\boost\catalog\view\theme\default\template\common\header.tpl on line 104
2019-07-06 12:26:36 - PHP Notice:  Undefined variable: img_path in C:\wamp64\www\boost\catalog\view\theme\default\template\common\header.tpl on line 69
2019-07-06 12:26:36 - PHP Notice:  Undefined variable: img_path in C:\wamp64\www\boost\catalog\view\theme\default\template\common\header.tpl on line 75
2019-07-06 12:26:36 - PHP Notice:  Undefined variable: img_path in C:\wamp64\www\boost\catalog\view\theme\default\template\common\header.tpl on line 93
2019-07-06 12:26:36 - PHP Notice:  Undefined variable: img_path in C:\wamp64\www\boost\catalog\view\theme\default\template\common\header.tpl on line 97
2019-07-06 12:26:36 - PHP Notice:  Undefined variable: img_path in C:\wamp64\www\boost\catalog\view\theme\default\template\common\header.tpl on line 104
2019-07-06 12:29:43 - PHP Notice:  Undefined variable: img_path in C:\wamp64\www\boost\catalog\view\theme\default\template\common\header.tpl on line 69
2019-07-06 12:29:43 - PHP Notice:  Undefined variable: img_path in C:\wamp64\www\boost\catalog\view\theme\default\template\common\header.tpl on line 75
2019-07-06 12:29:43 - PHP Notice:  Undefined variable: img_path in C:\wamp64\www\boost\catalog\view\theme\default\template\common\header.tpl on line 93
2019-07-06 12:29:43 - PHP Notice:  Undefined variable: img_path in C:\wamp64\www\boost\catalog\view\theme\default\template\common\header.tpl on line 97
2019-07-06 12:29:43 - PHP Notice:  Undefined variable: img_path in C:\wamp64\www\boost\catalog\view\theme\default\template\common\header.tpl on line 104
2019-07-06 12:33:07 - PHP Notice:  Undefined variable: img_path in C:\wamp64\www\boost\catalog\view\theme\default\template\common\footer.tpl on line 9
2019-07-06 12:33:07 - PHP Notice:  Undefined variable: img_path in C:\wamp64\www\boost\catalog\view\theme\default\template\common\footer.tpl on line 46
2019-07-06 12:33:07 - PHP Notice:  Undefined variable: img_path in C:\wamp64\www\boost\catalog\view\theme\default\template\common\header.tpl on line 69
2019-07-06 12:33:07 - PHP Notice:  Undefined variable: img_path in C:\wamp64\www\boost\catalog\view\theme\default\template\common\header.tpl on line 75
2019-07-06 12:33:07 - PHP Notice:  Undefined variable: img_path in C:\wamp64\www\boost\catalog\view\theme\default\template\common\header.tpl on line 93
2019-07-06 12:33:07 - PHP Notice:  Undefined variable: img_path in C:\wamp64\www\boost\catalog\view\theme\default\template\common\header.tpl on line 97
2019-07-06 12:33:07 - PHP Notice:  Undefined variable: img_path in C:\wamp64\www\boost\catalog\view\theme\default\template\common\header.tpl on line 104
2019-07-06 12:34:08 - PHP Notice:  Indirect modification of overloaded property ControllerCommonFooter::$data has no effect in C:\wamp64\www\boost\system\library\templateinit.php on line 5
2019-07-06 12:34:08 - PHP Notice:  Undefined variable: data in C:\wamp64\www\boost\system\library\templateinit.php on line 6
2019-07-06 12:34:08 - PHP Notice:  Undefined variable: data in C:\wamp64\www\boost\system\library\templateinit.php on line 7
2019-07-06 12:34:08 - PHP Notice:  Undefined variable: img_path in C:\wamp64\www\boost\catalog\view\theme\default\template\common\footer.tpl on line 9
2019-07-06 12:34:08 - PHP Notice:  Undefined variable: img_path in C:\wamp64\www\boost\catalog\view\theme\default\template\common\footer.tpl on line 46
2019-07-06 12:34:08 - PHP Notice:  Undefined variable: img_path in C:\wamp64\www\boost\catalog\view\theme\default\template\common\header.tpl on line 69
2019-07-06 12:34:08 - PHP Notice:  Undefined variable: img_path in C:\wamp64\www\boost\catalog\view\theme\default\template\common\header.tpl on line 75
2019-07-06 12:34:08 - PHP Notice:  Undefined variable: img_path in C:\wamp64\www\boost\catalog\view\theme\default\template\common\header.tpl on line 93
2019-07-06 12:34:08 - PHP Notice:  Undefined variable: img_path in C:\wamp64\www\boost\catalog\view\theme\default\template\common\header.tpl on line 97
2019-07-06 12:34:08 - PHP Notice:  Undefined variable: img_path in C:\wamp64\www\boost\catalog\view\theme\default\template\common\header.tpl on line 104
2019-07-06 12:34:49 - PHP Notice:  Indirect modification of overloaded property ControllerCommonFooter::$data has no effect in C:\wamp64\www\boost\system\library\templateinit.php on line 5
2019-07-06 12:34:49 - PHP Notice:  Indirect modification of overloaded property ControllerCommonFooter::$data has no effect in C:\wamp64\www\boost\system\library\templateinit.php on line 6
2019-07-06 12:34:49 - PHP Notice:  Indirect modification of overloaded property ControllerCommonFooter::$data has no effect in C:\wamp64\www\boost\system\library\templateinit.php on line 7
2019-07-06 12:34:49 - PHP Notice:  Undefined variable: img_path in C:\wamp64\www\boost\catalog\view\theme\default\template\common\footer.tpl on line 9
2019-07-06 12:34:49 - PHP Notice:  Undefined variable: img_path in C:\wamp64\www\boost\catalog\view\theme\default\template\common\footer.tpl on line 46
2019-07-06 12:34:49 - PHP Notice:  Undefined variable: img_path in C:\wamp64\www\boost\catalog\view\theme\default\template\common\header.tpl on line 69
2019-07-06 12:34:49 - PHP Notice:  Undefined variable: img_path in C:\wamp64\www\boost\catalog\view\theme\default\template\common\header.tpl on line 75
2019-07-06 12:34:49 - PHP Notice:  Undefined variable: img_path in C:\wamp64\www\boost\catalog\view\theme\default\template\common\header.tpl on line 93
2019-07-06 12:34:49 - PHP Notice:  Undefined variable: img_path in C:\wamp64\www\boost\catalog\view\theme\default\template\common\header.tpl on line 97
2019-07-06 12:34:49 - PHP Notice:  Undefined variable: img_path in C:\wamp64\www\boost\catalog\view\theme\default\template\common\header.tpl on line 104
2019-07-06 12:35:46 - PHP Notice:  Undefined variable: img_path in C:\wamp64\www\boost\catalog\view\theme\default\template\common\header.tpl on line 69
2019-07-06 12:35:46 - PHP Notice:  Undefined variable: img_path in C:\wamp64\www\boost\catalog\view\theme\default\template\common\header.tpl on line 75
2019-07-06 12:35:46 - PHP Notice:  Undefined variable: img_path in C:\wamp64\www\boost\catalog\view\theme\default\template\common\header.tpl on line 93
2019-07-06 12:35:46 - PHP Notice:  Undefined variable: img_path in C:\wamp64\www\boost\catalog\view\theme\default\template\common\header.tpl on line 97
2019-07-06 12:35:46 - PHP Notice:  Undefined variable: img_path in C:\wamp64\www\boost\catalog\view\theme\default\template\common\header.tpl on line 104
2019-07-07 17:59:05 - PHP Notice:  Undefined index: descr in C:\wamp64\www\boost\admin\controller\design\banner.php on line 388
2019-07-07 18:02:42 - PHP Notice:  Undefined index: descr in C:\wamp64\www\boost\admin\controller\design\banner.php on line 388
2019-07-07 18:04:13 - PHP Notice:  Undefined index: descr in C:\wamp64\www\boost\admin\controller\design\banner.php on line 388
2019-07-07 18:04:13 - PHP Notice:  Undefined index: descr in C:\wamp64\www\boost\admin\view\template\design\banner_form.tpl on line 76
2019-07-07 18:04:31 - PHP Notice:  Undefined index: descr in C:\wamp64\www\boost\admin\controller\design\banner.php on line 388
2019-07-07 18:04:45 - PHP Notice:  Undefined index: descr in C:\wamp64\www\boost\admin\controller\design\banner.php on line 388
2019-07-07 18:14:02 - PHP Notice:  Undefined index: description in C:\wamp64\www\boost\admin\model\design\banner.php on line 97
2019-07-07 18:14:10 - PHP Notice:  Undefined index: description in C:\wamp64\www\boost\admin\model\design\banner.php on line 97
2019-07-07 18:14:18 - PHP Notice:  Undefined index: description in C:\wamp64\www\boost\admin\model\design\banner.php on line 97
2019-07-07 18:18:33 - PHP Notice:  Undefined index: description in C:\wamp64\www\boost\admin\model\design\banner.php on line 97
2019-07-07 18:18:42 - PHP Notice:  Undefined index: description in C:\wamp64\www\boost\admin\model\design\banner.php on line 97
2019-07-07 18:20:02 - PHP Notice:  Undefined index: description in C:\wamp64\www\boost\admin\model\design\banner.php on line 97
2019-07-07 18:45:27 - PHP Notice:  Undefined index: descr in C:\wamp64\www\boost\admin\model\design\banner.php on line 27
2019-07-07 19:44:16 - PHP Notice:  Error: Could not load template C:/wamp64/www/boost/catalog/view/theme/default/template/extension/module/bannerdota.tpl! in C:\wamp64\www\boost\system\storage\modification\system\library\template\php.php on line 23
2019-07-07 19:45:30 - PHP Notice:  Error: Could not load template C:/wamp64/www/boost/catalog/view/theme/default/template/extension/module/bannerdota.tpl! in C:\wamp64\www\boost\system\storage\modification\system\library\template\php.php on line 23
2019-07-07 19:46:04 - PHP Notice:  Error: Could not load template C:/wamp64/www/boost/catalog/view/theme/default/template/extension/module/bannerdota.tpl! in C:\wamp64\www\boost\system\storage\modification\system\library\template\php.php on line 23
2019-07-07 19:46:37 - PHP Notice:  Error: Could not load template C:/wamp64/www/boost/catalog/view/theme/default/template/extension/module/bannerdota.tpl! in C:\wamp64\www\boost\system\storage\modification\system\library\template\php.php on line 23
2019-07-07 19:46:39 - PHP Notice:  Error: Could not load template C:/wamp64/www/boost/catalog/view/theme/default/template/extension/module/bannerdota.tpl! in C:\wamp64\www\boost\system\storage\modification\system\library\template\php.php on line 23
2019-07-07 19:46:39 - PHP Notice:  Error: Could not load template C:/wamp64/www/boost/catalog/view/theme/default/template/extension/module/bannerdota.tpl! in C:\wamp64\www\boost\system\storage\modification\system\library\template\php.php on line 23
2019-07-07 19:46:40 - PHP Notice:  Error: Could not load template C:/wamp64/www/boost/catalog/view/theme/default/template/extension/module/bannerdota.tpl! in C:\wamp64\www\boost\system\storage\modification\system\library\template\php.php on line 23
2019-07-07 19:46:40 - PHP Notice:  Error: Could not load template C:/wamp64/www/boost/catalog/view/theme/default/template/extension/module/bannerdota.tpl! in C:\wamp64\www\boost\system\storage\modification\system\library\template\php.php on line 23
2019-07-07 19:46:41 - PHP Notice:  Error: Could not load template C:/wamp64/www/boost/catalog/view/theme/default/template/extension/module/bannerdota.tpl! in C:\wamp64\www\boost\system\storage\modification\system\library\template\php.php on line 23
2019-07-07 19:46:41 - PHP Notice:  Error: Could not load template C:/wamp64/www/boost/catalog/view/theme/default/template/extension/module/bannerdota.tpl! in C:\wamp64\www\boost\system\storage\modification\system\library\template\php.php on line 23
2019-07-07 19:46:41 - PHP Notice:  Error: Could not load template C:/wamp64/www/boost/catalog/view/theme/default/template/extension/module/bannerdota.tpl! in C:\wamp64\www\boost\system\storage\modification\system\library\template\php.php on line 23
2019-07-07 19:46:42 - PHP Notice:  Error: Could not load template C:/wamp64/www/boost/catalog/view/theme/default/template/extension/module/bannerdota.tpl! in C:\wamp64\www\boost\system\storage\modification\system\library\template\php.php on line 23
2019-07-07 19:46:42 - PHP Notice:  Error: Could not load template C:/wamp64/www/boost/catalog/view/theme/default/template/extension/module/bannerdota.tpl! in C:\wamp64\www\boost\system\storage\modification\system\library\template\php.php on line 23
2019-07-07 19:46:43 - PHP Notice:  Error: Could not load template C:/wamp64/www/boost/catalog/view/theme/default/template/extension/module/bannerdota.tpl! in C:\wamp64\www\boost\system\storage\modification\system\library\template\php.php on line 23
2019-07-07 19:49:17 - PHP Notice:  Error: Could not load template C:/wamp64/www/boost/catalog/view/theme/default/template/extension/module/banner.tpl! in C:\wamp64\www\boost\system\storage\modification\system\library\template\php.php on line 23
2019-07-07 19:58:36 - PHP Notice:  Use of undefined constant data - assumed 'data' in C:\wamp64\www\boost\catalog\view\theme\default\template\extension\module\banner_dota.tpl on line 4
2019-07-07 19:58:36 - PHP Warning:  Illegal string offset 'img_path' in C:\wamp64\www\boost\catalog\view\theme\default\template\extension\module\banner_dota.tpl on line 4
2019-07-07 19:58:36 - PHP Notice:  Use of undefined constant data - assumed 'data' in C:\wamp64\www\boost\catalog\view\theme\default\template\extension\module\banner_dota.tpl on line 8
2019-07-07 19:58:36 - PHP Warning:  Illegal string offset 'img_path' in C:\wamp64\www\boost\catalog\view\theme\default\template\extension\module\banner_dota.tpl on line 8
2019-07-07 19:58:36 - PHP Notice:  Use of undefined constant data - assumed 'data' in C:\wamp64\www\boost\catalog\view\theme\default\template\extension\module\banner_dota.tpl on line 22
2019-07-07 19:58:36 - PHP Warning:  Illegal string offset 'img_path' in C:\wamp64\www\boost\catalog\view\theme\default\template\extension\module\banner_dota.tpl on line 22
2019-07-07 19:58:37 - PHP Notice:  Use of undefined constant data - assumed 'data' in C:\wamp64\www\boost\catalog\view\theme\default\template\extension\module\banner_dota.tpl on line 4
2019-07-07 19:58:37 - PHP Warning:  Illegal string offset 'img_path' in C:\wamp64\www\boost\catalog\view\theme\default\template\extension\module\banner_dota.tpl on line 4
2019-07-07 19:58:37 - PHP Notice:  Use of undefined constant data - assumed 'data' in C:\wamp64\www\boost\catalog\view\theme\default\template\extension\module\banner_dota.tpl on line 8
2019-07-07 19:58:37 - PHP Warning:  Illegal string offset 'img_path' in C:\wamp64\www\boost\catalog\view\theme\default\template\extension\module\banner_dota.tpl on line 8
2019-07-07 19:58:37 - PHP Notice:  Use of undefined constant data - assumed 'data' in C:\wamp64\www\boost\catalog\view\theme\default\template\extension\module\banner_dota.tpl on line 22
2019-07-07 19:58:37 - PHP Warning:  Illegal string offset 'img_path' in C:\wamp64\www\boost\catalog\view\theme\default\template\extension\module\banner_dota.tpl on line 22
2019-07-07 19:58:38 - PHP Notice:  Use of undefined constant data - assumed 'data' in C:\wamp64\www\boost\catalog\view\theme\default\template\extension\module\banner_dota.tpl on line 4
2019-07-07 19:58:38 - PHP Warning:  Illegal string offset 'img_path' in C:\wamp64\www\boost\catalog\view\theme\default\template\extension\module\banner_dota.tpl on line 4
2019-07-07 19:58:38 - PHP Notice:  Use of undefined constant data - assumed 'data' in C:\wamp64\www\boost\catalog\view\theme\default\template\extension\module\banner_dota.tpl on line 8
2019-07-07 19:58:38 - PHP Warning:  Illegal string offset 'img_path' in C:\wamp64\www\boost\catalog\view\theme\default\template\extension\module\banner_dota.tpl on line 8
2019-07-07 19:58:38 - PHP Notice:  Use of undefined constant data - assumed 'data' in C:\wamp64\www\boost\catalog\view\theme\default\template\extension\module\banner_dota.tpl on line 22
2019-07-07 19:58:38 - PHP Warning:  Illegal string offset 'img_path' in C:\wamp64\www\boost\catalog\view\theme\default\template\extension\module\banner_dota.tpl on line 22
2019-07-07 19:58:55 - PHP Notice:  Use of undefined constant data - assumed 'data' in C:\wamp64\www\boost\catalog\view\theme\default\template\extension\module\banner_dota.tpl on line 4
2019-07-07 19:58:55 - PHP Warning:  Illegal string offset 'img_path' in C:\wamp64\www\boost\catalog\view\theme\default\template\extension\module\banner_dota.tpl on line 4
2019-07-07 19:58:55 - PHP Notice:  Use of undefined constant data - assumed 'data' in C:\wamp64\www\boost\catalog\view\theme\default\template\extension\module\banner_dota.tpl on line 8
2019-07-07 19:58:55 - PHP Warning:  Illegal string offset 'img_path' in C:\wamp64\www\boost\catalog\view\theme\default\template\extension\module\banner_dota.tpl on line 8
2019-07-07 19:58:55 - PHP Notice:  Use of undefined constant data - assumed 'data' in C:\wamp64\www\boost\catalog\view\theme\default\template\extension\module\banner_dota.tpl on line 22
2019-07-07 19:58:55 - PHP Warning:  Illegal string offset 'img_path' in C:\wamp64\www\boost\catalog\view\theme\default\template\extension\module\banner_dota.tpl on line 22
2019-07-07 19:58:56 - PHP Notice:  Use of undefined constant data - assumed 'data' in C:\wamp64\www\boost\catalog\view\theme\default\template\extension\module\banner_dota.tpl on line 4
2019-07-07 19:58:56 - PHP Warning:  Illegal string offset 'img_path' in C:\wamp64\www\boost\catalog\view\theme\default\template\extension\module\banner_dota.tpl on line 4
2019-07-07 19:58:56 - PHP Notice:  Use of undefined constant data - assumed 'data' in C:\wamp64\www\boost\catalog\view\theme\default\template\extension\module\banner_dota.tpl on line 8
2019-07-07 19:58:56 - PHP Warning:  Illegal string offset 'img_path' in C:\wamp64\www\boost\catalog\view\theme\default\template\extension\module\banner_dota.tpl on line 8
2019-07-07 19:58:56 - PHP Notice:  Use of undefined constant data - assumed 'data' in C:\wamp64\www\boost\catalog\view\theme\default\template\extension\module\banner_dota.tpl on line 22
2019-07-07 19:58:56 - PHP Warning:  Illegal string offset 'img_path' in C:\wamp64\www\boost\catalog\view\theme\default\template\extension\module\banner_dota.tpl on line 22
2019-07-07 19:58:57 - PHP Notice:  Use of undefined constant data - assumed 'data' in C:\wamp64\www\boost\catalog\view\theme\default\template\extension\module\banner_dota.tpl on line 4
2019-07-07 19:58:57 - PHP Warning:  Illegal string offset 'img_path' in C:\wamp64\www\boost\catalog\view\theme\default\template\extension\module\banner_dota.tpl on line 4
2019-07-07 19:58:57 - PHP Notice:  Use of undefined constant data - assumed 'data' in C:\wamp64\www\boost\catalog\view\theme\default\template\extension\module\banner_dota.tpl on line 8
2019-07-07 19:58:57 - PHP Warning:  Illegal string offset 'img_path' in C:\wamp64\www\boost\catalog\view\theme\default\template\extension\module\banner_dota.tpl on line 8
2019-07-07 19:58:57 - PHP Notice:  Use of undefined constant data - assumed 'data' in C:\wamp64\www\boost\catalog\view\theme\default\template\extension\module\banner_dota.tpl on line 22
2019-07-07 19:58:57 - PHP Warning:  Illegal string offset 'img_path' in C:\wamp64\www\boost\catalog\view\theme\default\template\extension\module\banner_dota.tpl on line 22
2019-07-07 20:00:38 - PHP Notice:  Use of undefined constant data - assumed 'data' in C:\wamp64\www\boost\catalog\view\theme\default\template\extension\module\banner_dota.tpl on line 4
2019-07-07 20:00:38 - PHP Warning:  Illegal string offset 'img_path' in C:\wamp64\www\boost\catalog\view\theme\default\template\extension\module\banner_dota.tpl on line 4
2019-07-07 20:00:38 - PHP Notice:  Use of undefined constant data - assumed 'data' in C:\wamp64\www\boost\catalog\view\theme\default\template\extension\module\banner_dota.tpl on line 8
2019-07-07 20:00:38 - PHP Warning:  Illegal string offset 'img_path' in C:\wamp64\www\boost\catalog\view\theme\default\template\extension\module\banner_dota.tpl on line 8
2019-07-07 20:00:38 - PHP Notice:  Use of undefined constant data - assumed 'data' in C:\wamp64\www\boost\catalog\view\theme\default\template\extension\module\banner_dota.tpl on line 22
2019-07-07 20:00:38 - PHP Warning:  Illegal string offset 'img_path' in C:\wamp64\www\boost\catalog\view\theme\default\template\extension\module\banner_dota.tpl on line 22
2019-07-07 20:03:15 - PHP Notice:  Use of undefined constant data - assumed 'data' in C:\wamp64\www\boost\catalog\view\theme\default\template\extension\module\banner_dota.tpl on line 4
2019-07-07 20:03:15 - PHP Warning:  Illegal string offset 'img_path' in C:\wamp64\www\boost\catalog\view\theme\default\template\extension\module\banner_dota.tpl on line 4
2019-07-07 20:03:15 - PHP Notice:  Use of undefined constant data - assumed 'data' in C:\wamp64\www\boost\catalog\view\theme\default\template\extension\module\banner_dota.tpl on line 8
2019-07-07 20:03:15 - PHP Warning:  Illegal string offset 'img_path' in C:\wamp64\www\boost\catalog\view\theme\default\template\extension\module\banner_dota.tpl on line 8
2019-07-07 20:03:15 - PHP Notice:  Use of undefined constant data - assumed 'data' in C:\wamp64\www\boost\catalog\view\theme\default\template\extension\module\banner_dota.tpl on line 22
2019-07-07 20:03:15 - PHP Warning:  Illegal string offset 'img_path' in C:\wamp64\www\boost\catalog\view\theme\default\template\extension\module\banner_dota.tpl on line 22
2019-07-07 20:31:20 - PHP Notice:  Undefined variable: filename in C:\wamp64\www\boost\catalog\controller\extension\module\banner.php on line 25
2019-07-07 20:31:20 - PHP Notice:  Undefined variable: filename in C:\wamp64\www\boost\catalog\controller\extension\module\banner.php on line 25
2019-07-07 20:31:20 - PHP Notice:  Undefined variable: filename in C:\wamp64\www\boost\catalog\controller\extension\module\banner.php on line 25
2019-07-07 23:12:59 - PHP Notice:  Undefined index: suffix in C:\wamp64\www\boost\catalog\controller\extension\module\banner.php on line 17
2019-07-07 23:13:34 - PHP Notice:  Undefined index: suffix in C:\wamp64\www\boost\catalog\controller\extension\module\banner.php on line 17
2019-07-07 23:54:31 - PHP Notice:  Undefined variable: suffix in C:\wamp64\www\boost\admin\view\template\design\banner_form.tpl on line 40
2019-07-08 5:02:30 - PHP Notice:  Undefined index: width in C:\wamp64\www\boost\admin\controller\extension\module\slidereview.php on line 159
2019-07-08 5:02:30 - PHP Notice:  Undefined index: height in C:\wamp64\www\boost\admin\controller\extension\module\slidereview.php on line 163
2019-07-08 5:03:44 - PHP Notice:  Undefined index: width in C:\wamp64\www\boost\admin\controller\extension\module\slidereview.php on line 122
2019-07-08 5:03:44 - PHP Notice:  Undefined index: height in C:\wamp64\www\boost\admin\controller\extension\module\slidereview.php on line 130
2019-07-08 5:04:44 - PHP Notice:  Undefined index: width in C:\wamp64\www\boost\admin\controller\extension\module\slidereview.php on line 122
2019-07-08 5:04:44 - PHP Notice:  Undefined index: height in C:\wamp64\www\boost\admin\controller\extension\module\slidereview.php on line 130
2019-07-08 5:05:21 - PHP Notice:  Undefined index: banner_id in C:\wamp64\www\boost\admin\controller\extension\module\slidereview.php on line 110
2019-07-08 5:05:30 - PHP Notice:  Undefined index: banner_id in C:\wamp64\www\boost\admin\controller\extension\module\slidereview.php on line 110
2019-07-08 5:18:07 - PHP Notice:  Undefined index: banner_id in C:\wamp64\www\boost\catalog\controller\extension\module\slidereview.php on line 14
2019-07-08 5:21:28 - PHP Notice:  Undefined index: banner_id in C:\wamp64\www\boost\catalog\controller\extension\module\slidereview.php on line 14
2019-07-08 7:14:09 - PHP Warning:  Invalid argument supplied for foreach() in C:\wamp64\www\boost\system\storage\modification\system\engine\loader.php on line 53
2019-07-08 7:14:09 - PHP Notice:  Undefined index: banner_id in C:\wamp64\www\boost\catalog\controller\extension\module\slidereview.php on line 14
2019-07-08 7:15:37 - PHP Warning:  Invalid argument supplied for foreach() in C:\wamp64\www\boost\system\storage\modification\system\engine\loader.php on line 53
2019-07-08 7:15:37 - PHP Notice:  Undefined variable: results in C:\wamp64\www\boost\catalog\controller\extension\module\slidereview.php on line 16
2019-07-08 7:15:37 - PHP Warning:  Invalid argument supplied for foreach() in C:\wamp64\www\boost\catalog\controller\extension\module\slidereview.php on line 16
2019-07-08 7:15:37 - PHP Notice:  Undefined variable: filter_data in C:\wamp64\www\boost\catalog\controller\extension\module\slidereview.php on line 28
2019-07-08 7:15:38 - PHP Warning:  Invalid argument supplied for foreach() in C:\wamp64\www\boost\system\storage\modification\system\engine\loader.php on line 53
2019-07-08 7:15:38 - PHP Notice:  Undefined variable: results in C:\wamp64\www\boost\catalog\controller\extension\module\slidereview.php on line 16
2019-07-08 7:15:38 - PHP Warning:  Invalid argument supplied for foreach() in C:\wamp64\www\boost\catalog\controller\extension\module\slidereview.php on line 16
2019-07-08 7:15:38 - PHP Notice:  Undefined variable: filter_data in C:\wamp64\www\boost\catalog\controller\extension\module\slidereview.php on line 28
2019-07-08 7:15:38 - PHP Warning:  Invalid argument supplied for foreach() in C:\wamp64\www\boost\system\storage\modification\system\engine\loader.php on line 53
2019-07-08 7:15:38 - PHP Notice:  Undefined variable: results in C:\wamp64\www\boost\catalog\controller\extension\module\slidereview.php on line 16
2019-07-08 7:15:38 - PHP Warning:  Invalid argument supplied for foreach() in C:\wamp64\www\boost\catalog\controller\extension\module\slidereview.php on line 16
2019-07-08 7:15:38 - PHP Notice:  Undefined variable: filter_data in C:\wamp64\www\boost\catalog\controller\extension\module\slidereview.php on line 28
2019-07-08 7:15:39 - PHP Warning:  Invalid argument supplied for foreach() in C:\wamp64\www\boost\system\storage\modification\system\engine\loader.php on line 53
2019-07-08 7:15:39 - PHP Notice:  Undefined variable: results in C:\wamp64\www\boost\catalog\controller\extension\module\slidereview.php on line 16
2019-07-08 7:15:39 - PHP Warning:  Invalid argument supplied for foreach() in C:\wamp64\www\boost\catalog\controller\extension\module\slidereview.php on line 16
2019-07-08 7:15:39 - PHP Notice:  Undefined variable: filter_data in C:\wamp64\www\boost\catalog\controller\extension\module\slidereview.php on line 28
2019-07-08 7:15:39 - PHP Warning:  Invalid argument supplied for foreach() in C:\wamp64\www\boost\system\storage\modification\system\engine\loader.php on line 53
2019-07-08 7:15:39 - PHP Notice:  Undefined variable: results in C:\wamp64\www\boost\catalog\controller\extension\module\slidereview.php on line 16
2019-07-08 7:15:39 - PHP Warning:  Invalid argument supplied for foreach() in C:\wamp64\www\boost\catalog\controller\extension\module\slidereview.php on line 16
2019-07-08 7:15:39 - PHP Notice:  Undefined variable: filter_data in C:\wamp64\www\boost\catalog\controller\extension\module\slidereview.php on line 28
2019-07-08 7:15:40 - PHP Warning:  Invalid argument supplied for foreach() in C:\wamp64\www\boost\system\storage\modification\system\engine\loader.php on line 53
2019-07-08 7:15:40 - PHP Notice:  Undefined variable: results in C:\wamp64\www\boost\catalog\controller\extension\module\slidereview.php on line 16
2019-07-08 7:15:40 - PHP Warning:  Invalid argument supplied for foreach() in C:\wamp64\www\boost\catalog\controller\extension\module\slidereview.php on line 16
2019-07-08 7:15:40 - PHP Notice:  Undefined variable: filter_data in C:\wamp64\www\boost\catalog\controller\extension\module\slidereview.php on line 28
2019-07-08 7:15:40 - PHP Warning:  Invalid argument supplied for foreach() in C:\wamp64\www\boost\system\storage\modification\system\engine\loader.php on line 53
2019-07-08 7:15:40 - PHP Notice:  Undefined variable: results in C:\wamp64\www\boost\catalog\controller\extension\module\slidereview.php on line 16
2019-07-08 7:15:40 - PHP Warning:  Invalid argument supplied for foreach() in C:\wamp64\www\boost\catalog\controller\extension\module\slidereview.php on line 16
2019-07-08 7:15:40 - PHP Notice:  Undefined variable: filter_data in C:\wamp64\www\boost\catalog\controller\extension\module\slidereview.php on line 28
2019-07-08 7:15:40 - PHP Warning:  Invalid argument supplied for foreach() in C:\wamp64\www\boost\system\storage\modification\system\engine\loader.php on line 53
2019-07-08 7:15:40 - PHP Notice:  Undefined variable: results in C:\wamp64\www\boost\catalog\controller\extension\module\slidereview.php on line 16
2019-07-08 7:15:40 - PHP Warning:  Invalid argument supplied for foreach() in C:\wamp64\www\boost\catalog\controller\extension\module\slidereview.php on line 16
2019-07-08 7:15:40 - PHP Notice:  Undefined variable: filter_data in C:\wamp64\www\boost\catalog\controller\extension\module\slidereview.php on line 28
2019-07-08 7:15:41 - PHP Warning:  Invalid argument supplied for foreach() in C:\wamp64\www\boost\system\storage\modification\system\engine\loader.php on line 53
2019-07-08 7:15:41 - PHP Notice:  Undefined variable: results in C:\wamp64\www\boost\catalog\controller\extension\module\slidereview.php on line 16
2019-07-08 7:15:41 - PHP Warning:  Invalid argument supplied for foreach() in C:\wamp64\www\boost\catalog\controller\extension\module\slidereview.php on line 16
2019-07-08 7:15:41 - PHP Notice:  Undefined variable: filter_data in C:\wamp64\www\boost\catalog\controller\extension\module\slidereview.php on line 28
2019-07-08 7:15:41 - PHP Warning:  Invalid argument supplied for foreach() in C:\wamp64\www\boost\system\storage\modification\system\engine\loader.php on line 53
2019-07-08 7:15:41 - PHP Notice:  Undefined variable: results in C:\wamp64\www\boost\catalog\controller\extension\module\slidereview.php on line 16
2019-07-08 7:15:41 - PHP Warning:  Invalid argument supplied for foreach() in C:\wamp64\www\boost\catalog\controller\extension\module\slidereview.php on line 16
2019-07-08 7:15:41 - PHP Notice:  Undefined variable: filter_data in C:\wamp64\www\boost\catalog\controller\extension\module\slidereview.php on line 28
2019-07-08 7:17:20 - PHP Warning:  Invalid argument supplied for foreach() in C:\wamp64\www\boost\system\storage\modification\system\engine\loader.php on line 53
2019-07-08 7:17:20 - PHP Notice:  Undefined variable: results in C:\wamp64\www\boost\catalog\controller\extension\module\slidereview.php on line 16
2019-07-08 7:17:20 - PHP Warning:  Invalid argument supplied for foreach() in C:\wamp64\www\boost\catalog\controller\extension\module\slidereview.php on line 16
2019-07-08 7:17:20 - PHP Notice:  Undefined variable: filter_data in C:\wamp64\www\boost\catalog\controller\extension\module\slidereview.php on line 28
2019-07-08 7:17:43 - PHP Warning:  Invalid argument supplied for foreach() in C:\wamp64\www\boost\system\storage\modification\system\engine\loader.php on line 53
2019-07-08 7:17:43 - PHP Notice:  Undefined variable: results in C:\wamp64\www\boost\catalog\controller\extension\module\slidereview.php on line 16
2019-07-08 7:17:43 - PHP Warning:  Invalid argument supplied for foreach() in C:\wamp64\www\boost\catalog\controller\extension\module\slidereview.php on line 16
2019-07-08 7:19:02 - PHP Warning:  Invalid argument supplied for foreach() in C:\wamp64\www\boost\system\storage\modification\system\engine\loader.php on line 53
2019-07-08 7:37:48 - PHP Warning:  Invalid argument supplied for foreach() in C:\wamp64\www\boost\system\storage\modification\system\engine\loader.php on line 53
2019-07-08 14:52:41 - PHP Notice:  Undefined variable: username in C:\wamp64\www\boost\catalog\model\design\slidereview.php on line 90
2019-07-08 14:53:46 - PHP Notice:  Undefined index: ratings in C:\wamp64\www\boost\catalog\controller\extension\module\slidereview.php on line 26
2019-07-08 14:53:47 - PHP Notice:  Undefined variable: username in C:\wamp64\www\boost\catalog\model\design\slidereview.php on line 90
2019-07-08 14:53:48 - PHP Notice:  Undefined index: ratings in C:\wamp64\www\boost\catalog\controller\extension\module\slidereview.php on line 26
2019-07-08 14:53:57 - PHP Notice:  Undefined variable: username in C:\wamp64\www\boost\catalog\model\design\slidereview.php on line 90
2019-07-08 14:54:24 - PHP Notice:  Undefined variable: username in C:\wamp64\www\boost\catalog\model\design\slidereview.php on line 90
2019-07-08 14:54:32 - PHP Notice:  Undefined index: ratings in C:\wamp64\www\boost\catalog\controller\extension\module\slidereview.php on line 26
2019-07-08 14:54:33 - PHP Notice:  Undefined variable: username in C:\wamp64\www\boost\catalog\model\design\slidereview.php on line 90
2019-07-08 14:55:11 - PHP Notice:  Undefined index: ratings in C:\wamp64\www\boost\catalog\controller\extension\module\slidereview.php on line 26
2019-07-08 15:02:06 - PHP Notice:  Undefined index: ratings in C:\wamp64\www\boost\catalog\controller\extension\module\slidereview.php on line 26
2019-07-08 15:02:11 - PHP Notice:  Undefined index: ratings in C:\wamp64\www\boost\catalog\controller\extension\module\slidereview.php on line 26
2019-07-08 15:02:31 - PHP Notice:  Undefined index: ratings in C:\wamp64\www\boost\catalog\controller\extension\module\slidereview.php on line 26
2019-07-08 15:03:51 - PHP Notice:  Undefined index: ratings in C:\wamp64\www\boost\catalog\controller\extension\module\slidereview.php on line 26
2019-07-08 15:04:06 - PHP Notice:  Undefined index: ratings in C:\wamp64\www\boost\catalog\controller\extension\module\slidereview.php on line 26
2019-07-08 15:10:44 - PHP Notice:  Undefined index: ratings in C:\wamp64\www\boost\catalog\controller\extension\module\slidereview.php on line 26
2019-07-08 15:12:05 - PHP Notice:  Undefined index: ratings in C:\wamp64\www\boost\catalog\controller\extension\module\slidereview.php on line 26
2019-07-08 15:12:14 - PHP Notice:  Undefined index: ratings in C:\wamp64\www\boost\catalog\controller\extension\module\slidereview.php on line 26
2019-07-08 15:22:43 - PHP Notice:  Undefined index: ratings in C:\wamp64\www\boost\catalog\controller\extension\module\slidereview.php on line 26
2019-07-08 15:22:43 - PHP Notice:  Undefined index: ratings in C:\wamp64\www\boost\catalog\controller\extension\module\slidereview.php on line 26
2019-07-08 15:24:35 - PHP Notice:  Undefined index: ratings in C:\wamp64\www\boost\catalog\controller\extension\module\slidereview.php on line 26
2019-07-08 15:24:35 - PHP Notice:  Undefined index: ratings in C:\wamp64\www\boost\catalog\controller\extension\module\slidereview.php on line 26
2019-07-08 15:30:58 - PHP Notice:  Undefined index: ratings in C:\wamp64\www\boost\catalog\controller\extension\module\slidereview.php on line 26
2019-07-08 15:31:04 - PHP Notice:  Undefined index: ratings in C:\wamp64\www\boost\catalog\controller\extension\module\slidereview.php on line 26
2019-07-08 15:32:02 - PHP Notice:  Undefined index: ratings in C:\wamp64\www\boost\catalog\controller\extension\module\slidereview.php on line 26
2019-07-08 15:32:02 - PHP Notice:  Undefined index: ratings in C:\wamp64\www\boost\catalog\controller\extension\module\slidereview.php on line 26
2019-07-08 15:33:16 - PHP Notice:  Undefined index: ratings in C:\wamp64\www\boost\catalog\controller\extension\module\slidereview.php on line 26
2019-07-08 15:33:17 - PHP Notice:  Undefined index: ratings in C:\wamp64\www\boost\catalog\controller\extension\module\slidereview.php on line 26
2019-07-08 15:34:09 - PHP Notice:  Undefined index: ratings in C:\wamp64\www\boost\catalog\controller\extension\module\slidereview.php on line 26
2019-07-08 15:34:09 - PHP Notice:  Undefined index: ratings in C:\wamp64\www\boost\catalog\controller\extension\module\slidereview.php on line 26
2019-07-08 15:34:32 - PHP Notice:  Undefined index: ratings in C:\wamp64\www\boost\catalog\controller\extension\module\slidereview.php on line 26
2019-07-08 15:38:02 - PHP Notice:  Undefined index: ratings in C:\wamp64\www\boost\catalog\controller\extension\module\slidereview.php on line 26
2019-07-08 15:38:02 - PHP Notice:  Undefined index: date in C:\wamp64\www\boost\catalog\view\theme\default\template\extension\module\slidereview.tpl on line 27
2019-07-08 15:38:02 - PHP Notice:  Undefined index: date in C:\wamp64\www\boost\catalog\view\theme\default\template\extension\module\slidereview.tpl on line 27
2019-07-08 15:38:18 - PHP Notice:  Undefined index: ratings in C:\wamp64\www\boost\catalog\controller\extension\module\slidereview.php on line 26
2019-07-08 15:39:44 - PHP Notice:  Undefined index: ratings in C:\wamp64\www\boost\catalog\controller\extension\module\slidereview.php on line 26
2019-07-08 15:39:44 - PHP Notice:  Undefined index: ratings in C:\wamp64\www\boost\catalog\controller\extension\module\slidereview.php on line 26
2019-07-08 15:41:04 - PHP Notice:  Undefined index: ratings in C:\wamp64\www\boost\catalog\controller\extension\module\slidereview.php on line 26
2019-07-08 15:41:04 - PHP Notice:  Undefined index: ratings in C:\wamp64\www\boost\catalog\controller\extension\module\slidereview.php on line 26
2019-07-08 15:41:53 - PHP Notice:  Undefined index: ratings in C:\wamp64\www\boost\catalog\controller\extension\module\slidereview.php on line 26
2019-07-08 15:41:53 - PHP Notice:  Undefined index: ratings in C:\wamp64\www\boost\catalog\controller\extension\module\slidereview.php on line 26
2019-07-08 15:46:20 - PHP Notice:  Undefined index: ratings in Unknown on line 0
2019-07-08 15:46:20 - PHP Notice:  Undefined index: text in C:\wamp64\www\boost\catalog\view\theme\default\template\extension\module\slidereview.tpl on line 33
2019-07-08 15:46:20 - PHP Notice:  Undefined index: text in C:\wamp64\www\boost\catalog\view\theme\default\template\extension\module\slidereview.tpl on line 33
2019-07-08 15:46:33 - PHP Notice:  Undefined index: ratings in C:\wamp64\www\boost\catalog\controller\extension\module\slidereview.php on line 26
2019-07-08 15:46:33 - PHP Notice:  Undefined index: ratings in C:\wamp64\www\boost\catalog\controller\extension\module\slidereview.php on line 26
2019-07-08 15:47:04 - PHP Notice:  Undefined index: ratings in C:\wamp64\www\boost\catalog\controller\extension\module\slidereview.php on line 26
2019-07-08 15:47:28 - PHP Notice:  Undefined index: ratings in C:\wamp64\www\boost\catalog\controller\extension\module\slidereview.php on line 26
2019-07-08 15:47:36 - PHP Notice:  Undefined index: ratings in C:\wamp64\www\boost\catalog\controller\extension\module\slidereview.php on line 26
2019-07-08 15:47:37 - PHP Notice:  Undefined index: ratings in C:\wamp64\www\boost\catalog\controller\extension\module\slidereview.php on line 26
2019-07-08 15:48:24 - PHP Notice:  Undefined index: ratings in C:\wamp64\www\boost\catalog\controller\extension\module\slidereview.php on line 26
2019-07-08 15:48:24 - PHP Notice:  Undefined index: ratings in C:\wamp64\www\boost\catalog\controller\extension\module\slidereview.php on line 26
2019-07-08 15:52:01 - PHP Notice:  Undefined index: ratings in C:\wamp64\www\boost\catalog\controller\extension\module\slidereview.php on line 26
2019-07-08 15:52:01 - PHP Notice:  Undefined index: ratings in C:\wamp64\www\boost\catalog\controller\extension\module\slidereview.php on line 26
2019-07-08 15:59:51 - PHP Notice:  Undefined index: ratings in C:\wamp64\www\boost\catalog\controller\extension\module\slidereview.php on line 26
2019-07-08 15:59:51 - PHP Notice:  Undefined index: ratings in C:\wamp64\www\boost\catalog\controller\extension\module\slidereview.php on line 26
2019-07-08 15:59:51 - PHP Notice:  Undefined index: ratings in C:\wamp64\www\boost\catalog\controller\extension\module\slidereview.php on line 26
2019-07-08 16:02:18 - PHP Notice:  Undefined index: ratings in C:\wamp64\www\boost\catalog\controller\extension\module\slidereview.php on line 26
2019-07-08 16:02:18 - PHP Notice:  Undefined index: ratings in C:\wamp64\www\boost\catalog\controller\extension\module\slidereview.php on line 26
2019-07-08 16:02:18 - PHP Notice:  Undefined index: ratings in C:\wamp64\www\boost\catalog\controller\extension\module\slidereview.php on line 26
2019-07-08 16:02:18 - PHP Notice:  Undefined index: ratings in C:\wamp64\www\boost\catalog\controller\extension\module\slidereview.php on line 26
2019-07-08 16:02:22 - PHP Notice:  Undefined index: ratings in C:\wamp64\www\boost\catalog\controller\extension\module\slidereview.php on line 26
2019-07-08 16:02:22 - PHP Notice:  Undefined index: ratings in C:\wamp64\www\boost\catalog\controller\extension\module\slidereview.php on line 26
2019-07-08 16:02:22 - PHP Notice:  Undefined index: ratings in C:\wamp64\www\boost\catalog\controller\extension\module\slidereview.php on line 26
2019-07-08 16:02:22 - PHP Notice:  Undefined index: ratings in C:\wamp64\www\boost\catalog\controller\extension\module\slidereview.php on line 26
2019-07-08 16:02:24 - PHP Notice:  Undefined index: ratings in C:\wamp64\www\boost\catalog\controller\extension\module\slidereview.php on line 26
2019-07-08 16:02:24 - PHP Notice:  Undefined index: ratings in C:\wamp64\www\boost\catalog\controller\extension\module\slidereview.php on line 26
2019-07-08 16:02:24 - PHP Notice:  Undefined index: ratings in C:\wamp64\www\boost\catalog\controller\extension\module\slidereview.php on line 26
2019-07-08 16:02:24 - PHP Notice:  Undefined index: ratings in C:\wamp64\www\boost\catalog\controller\extension\module\slidereview.php on line 26
2019-07-08 16:02:24 - PHP Notice:  Undefined index: ratings in C:\wamp64\www\boost\catalog\controller\extension\module\slidereview.php on line 26
2019-07-08 16:02:24 - PHP Notice:  Undefined index: ratings in C:\wamp64\www\boost\catalog\controller\extension\module\slidereview.php on line 26
2019-07-08 16:02:24 - PHP Notice:  Undefined index: ratings in C:\wamp64\www\boost\catalog\controller\extension\module\slidereview.php on line 26
2019-07-08 16:02:24 - PHP Notice:  Undefined index: ratings in C:\wamp64\www\boost\catalog\controller\extension\module\slidereview.php on line 26
2019-07-08 16:02:25 - PHP Notice:  Undefined index: ratings in C:\wamp64\www\boost\catalog\controller\extension\module\slidereview.php on line 26
2019-07-08 16:02:25 - PHP Notice:  Undefined index: ratings in C:\wamp64\www\boost\catalog\controller\extension\module\slidereview.php on line 26
2019-07-08 16:02:25 - PHP Notice:  Undefined index: ratings in C:\wamp64\www\boost\catalog\controller\extension\module\slidereview.php on line 26
2019-07-08 16:02:25 - PHP Notice:  Undefined index: ratings in C:\wamp64\www\boost\catalog\controller\extension\module\slidereview.php on line 26
2019-07-08 16:02:26 - PHP Notice:  Undefined index: ratings in C:\wamp64\www\boost\catalog\controller\extension\module\slidereview.php on line 26
2019-07-08 16:02:26 - PHP Notice:  Undefined index: ratings in C:\wamp64\www\boost\catalog\controller\extension\module\slidereview.php on line 26
2019-07-08 16:02:26 - PHP Notice:  Undefined index: ratings in C:\wamp64\www\boost\catalog\controller\extension\module\slidereview.php on line 26
2019-07-08 16:02:26 - PHP Notice:  Undefined index: ratings in C:\wamp64\www\boost\catalog\controller\extension\module\slidereview.php on line 26
2019-07-08 16:02:44 - PHP Notice:  Undefined index: ratings in C:\wamp64\www\boost\catalog\controller\extension\module\slidereview.php on line 26
2019-07-08 16:02:44 - PHP Notice:  Undefined index: ratings in C:\wamp64\www\boost\catalog\controller\extension\module\slidereview.php on line 26
2019-07-08 16:02:44 - PHP Notice:  Undefined index: ratings in C:\wamp64\www\boost\catalog\controller\extension\module\slidereview.php on line 26
2019-07-08 16:02:44 - PHP Notice:  Undefined index: ratings in C:\wamp64\www\boost\catalog\controller\extension\module\slidereview.php on line 26
2019-07-08 16:02:46 - PHP Notice:  Undefined index: ratings in C:\wamp64\www\boost\catalog\controller\extension\module\slidereview.php on line 26
2019-07-08 16:02:46 - PHP Notice:  Undefined index: ratings in C:\wamp64\www\boost\catalog\controller\extension\module\slidereview.php on line 26
2019-07-08 16:02:46 - PHP Notice:  Undefined index: ratings in C:\wamp64\www\boost\catalog\controller\extension\module\slidereview.php on line 26
2019-07-08 16:02:46 - PHP Notice:  Undefined index: ratings in C:\wamp64\www\boost\catalog\controller\extension\module\slidereview.php on line 26
2019-07-08 16:02:47 - PHP Notice:  Undefined index: ratings in C:\wamp64\www\boost\catalog\controller\extension\module\slidereview.php on line 26
2019-07-08 16:02:47 - PHP Notice:  Undefined index: ratings in C:\wamp64\www\boost\catalog\controller\extension\module\slidereview.php on line 26
2019-07-08 16:02:47 - PHP Notice:  Undefined index: ratings in C:\wamp64\www\boost\catalog\controller\extension\module\slidereview.php on line 26
2019-07-08 16:02:47 - PHP Notice:  Undefined index: ratings in C:\wamp64\www\boost\catalog\controller\extension\module\slidereview.php on line 26
2019-07-08 16:02:48 - PHP Notice:  Undefined index: ratings in C:\wamp64\www\boost\catalog\controller\extension\module\slidereview.php on line 26
2019-07-08 16:02:48 - PHP Notice:  Undefined index: ratings in C:\wamp64\www\boost\catalog\controller\extension\module\slidereview.php on line 26
2019-07-08 16:02:48 - PHP Notice:  Undefined index: ratings in C:\wamp64\www\boost\catalog\controller\extension\module\slidereview.php on line 26
2019-07-08 16:02:48 - PHP Notice:  Undefined index: ratings in C:\wamp64\www\boost\catalog\controller\extension\module\slidereview.php on line 26
2019-07-08 16:02:49 - PHP Notice:  Undefined index: ratings in C:\wamp64\www\boost\catalog\controller\extension\module\slidereview.php on line 26
2019-07-08 16:02:49 - PHP Notice:  Undefined index: ratings in C:\wamp64\www\boost\catalog\controller\extension\module\slidereview.php on line 26
2019-07-08 16:02:49 - PHP Notice:  Undefined index: ratings in C:\wamp64\www\boost\catalog\controller\extension\module\slidereview.php on line 26
2019-07-08 16:02:49 - PHP Notice:  Undefined index: ratings in C:\wamp64\www\boost\catalog\controller\extension\module\slidereview.php on line 26
2019-07-08 16:02:53 - PHP Notice:  Undefined index: ratings in C:\wamp64\www\boost\catalog\controller\extension\module\slidereview.php on line 26
2019-07-08 16:02:53 - PHP Notice:  Undefined index: ratings in C:\wamp64\www\boost\catalog\controller\extension\module\slidereview.php on line 26
2019-07-08 16:02:53 - PHP Notice:  Undefined index: ratings in C:\wamp64\www\boost\catalog\controller\extension\module\slidereview.php on line 26
2019-07-08 16:02:53 - PHP Notice:  Undefined index: ratings in C:\wamp64\www\boost\catalog\controller\extension\module\slidereview.php on line 26
2019-07-08 16:03:31 - PHP Notice:  Undefined index: ratings in C:\wamp64\www\boost\catalog\controller\extension\module\slidereview.php on line 26
2019-07-08 16:03:32 - PHP Notice:  Undefined index: ratings in C:\wamp64\www\boost\catalog\controller\extension\module\slidereview.php on line 26
2019-07-08 16:03:33 - PHP Notice:  Undefined index: ratings in C:\wamp64\www\boost\catalog\controller\extension\module\slidereview.php on line 26
2019-07-08 16:03:34 - PHP Notice:  Undefined index: ratings in C:\wamp64\www\boost\catalog\controller\extension\module\slidereview.php on line 26
2019-07-09 2:50:19 - PHP Warning:  mysqli::query(): Empty query in C:\wamp64\www\boost\system\library\db\mysqli.php on line 18
2019-07-09 2:51:31 - PHP Warning:  mysqli::query(): Empty query in C:\wamp64\www\boost\system\library\db\mysqli.php on line 18
2019-07-09 2:51:51 - PHP Warning:  mysqli::query(): Empty query in C:\wamp64\www\boost\system\library\db\mysqli.php on line 18
2019-07-09 2:53:24 - PHP Warning:  mysqli::query(): Empty query in C:\wamp64\www\boost\system\library\db\mysqli.php on line 18
2019-07-09 2:55:49 - PHP Warning:  mysqli::query(): Empty query in C:\wamp64\www\boost\system\library\db\mysqli.php on line 18
2019-07-09 2:56:20 - PHP Warning:  mysqli::query(): Empty query in C:\wamp64\www\boost\system\library\db\mysqli.php on line 18
2019-07-09 3:19:00 - PHP Warning:  mysqli::query(): Empty query in C:\wamp64\www\boost\system\library\db\mysqli.php on line 18
